<?xml version="1.0" encoding="UTF-8"?>
<!-- Generated by org.testng.reporters.JUnitReportReporter -->
<testsuite hostname="Meena" failures="0" tests="1" name="eCommerceProject.Myntra" time="14.381" errors="0" timestamp="2023-07-31T20:17:25 IST" skipped="0">
  <testcase classname="eCommerceProject.Myntra" name="myntraTest" time="14.381"/>
  <system-out>
    <![CDATA[opening myntra]]>
  </system-out>
</testsuite> <!-- eCommerceProject.Myntra -->
