<?xml version="1.0" encoding="UTF-8"?>
<!-- Generated by org.testng.reporters.JUnitReportReporter -->
<testsuite hostname="Meena" failures="0" tests="1" name="eCommerceProject.lifestyle" time="9.422" errors="0" timestamp="2023-07-31T20:17:25 IST" skipped="0">
  <testcase classname="eCommerceProject.lifestyle" name="lifestyleTest" time="9.422"/>
  <system-out>
    <![CDATA[opening lifestyle]]>
  </system-out>
</testsuite> <!-- eCommerceProject.lifestyle -->
