<?xml version="1.0" encoding="UTF-8"?>
<!-- Generated by org.testng.reporters.JUnitReportReporter -->
<testsuite hostname="DESKTOP-V6P045J" failures="0" tests="1" name="eCommerceProject.Amazon" time="5.907" errors="0" timestamp="2023-07-31T14:18:12 IST" skipped="0">
  <testcase classname="eCommerceProject.Amazon" name="amazonTest" time="5.907"/>
  <system-out>
    <![CDATA[opening amazon]]>
  </system-out>
</testsuite> <!-- eCommerceProject.Amazon -->
