<?xml version="1.0" encoding="UTF-8"?>
<!-- Generated by org.testng.reporters.JUnitReportReporter -->
<testsuite hostname="DESKTOP-V6P045J" failures="0" tests="1" name="eCommerceProject.Myntra" time="7.741" errors="0" timestamp="2023-07-31T14:18:12 IST" skipped="0">
  <testcase classname="eCommerceProject.Myntra" name="myntraTest" time="7.741"/>
  <system-out>
    <![CDATA[opening myntra]]>
  </system-out>
</testsuite> <!-- eCommerceProject.Myntra -->
