<?xml version="1.0" encoding="UTF-8"?>
<!-- Generated by org.testng.reporters.JUnitReportReporter -->
<testsuite hostname="Meena" failures="0" tests="1" name="eCommerceProject.Flipkart" time="25.241" errors="0" timestamp="2023-07-31T20:09:24 IST" skipped="0">
  <testcase classname="eCommerceProject.Flipkart" name="flipkartTest" time="25.241"/>
  <system-out>
    <![CDATA[opening flipkart]]>
  </system-out>
</testsuite> <!-- eCommerceProject.Flipkart -->
