<?xml version="1.0" encoding="UTF-8"?>
<!-- Generated by org.testng.reporters.JUnitReportReporter -->
<testsuite hostname="Meena" failures="0" tests="1" name="eCommerceProject.Amazon" time="9.184" errors="0" timestamp="2023-07-31T20:09:24 IST" skipped="0">
  <testcase classname="eCommerceProject.Amazon" name="amazonTest" time="9.184"/>
  <system-out>
    <![CDATA[opening amazon]]>
  </system-out>
</testsuite> <!-- eCommerceProject.Amazon -->
