<?xml version="1.0" encoding="UTF-8"?>
<!-- Generated by org.testng.reporters.JUnitReportReporter -->
<testsuite hostname="DESKTOP-V6P045J" failures="0" tests="1" name="eCommerceProject.Flipkart" time="7.178" errors="0" timestamp="2023-07-31T14:18:12 IST" skipped="0">
  <testcase classname="eCommerceProject.Flipkart" name="flipkartTest" time="7.178"/>
  <system-out>
    <![CDATA[opening flipkart]]>
  </system-out>
</testsuite> <!-- eCommerceProject.Flipkart -->
